  main.cpp
main.cpp(26): warning C4244: 'argument': conversion from 'double' to 'float', possible loss of data
main.cpp(27): warning C4244: 'argument': conversion from 'double' to 'float', possible loss of data
main.cpp(37): warning C4244: 'argument': conversion from 'double' to 'float', possible loss of data
main.cpp(57): warning C4244: 'argument': conversion from 'double' to 'float', possible loss of data
main.cpp(72): warning C4244: 'argument': conversion from 'float' to 'sf::Uint8', possible loss of data
main.cpp(77): warning C4244: 'argument': conversion from 'double' to 'float', possible loss of data
main.cpp(105): warning C4244: 'argument': conversion from 'double' to 'float', possible loss of data
main.cpp(110): warning C4244: 'argument': conversion from 'double' to 'float', possible loss of data
main.cpp(115): warning C4244: 'argument': conversion from 'double' to 'float', possible loss of data
main.cpp(130): warning C4244: 'argument': conversion from 'double' to 'float', possible loss of data
main.cpp(147): warning C4244: 'argument': conversion from 'double' to 'float', possible loss of data
main.cpp(164): warning C4244: '=': conversion from 'double' to 'float', possible loss of data
main.cpp(168): warning C4244: '=': conversion from 'double' to 'float', possible loss of data
  Generating code
  4 of 266 functions ( 1.5%) were compiled, the rest were copied from previous compilation.
    3 functions were new in current compilation
    5 functions had inline decision re-evaluated but remain unchanged
  Finished generating code
  ArkanoidCodingChallenge.vcxproj -> C:\Users\Marcin\Documents\Visual Studio 2015\Projects\ArkanoidCodingChallenge\Release\ArkanoidCodingChallenge.exe
  ArkanoidCodingChallenge.vcxproj -> C:\Users\Marcin\Documents\Visual Studio 2015\Projects\ArkanoidCodingChallenge\Release\ArkanoidCodingChallenge.pdb (Full PDB)
